Using pre-set license
Built from '2022.3/release' branch; Version is '2022.3.20f1 (61c2feb0970d) revision 6406910'; Using compiler version '192829333'; Build Type 'Release'
OS: 'Windows 10  (10.0.19045) 64bit Education' Language: 'en' Physical Memory: 16309 MB
BatchMode: 1, IsHumanControllingUs: 0, StartBugReporterOnCrash: 0, Is64bit: 1, IsPro: 1

COMMAND LINE ARGUMENTS:
C:\Program Files\Unity\Hub\Editor\2022.3.20f1\Editor\Unity.exe
-adb2
-batchMode
-noUpm
-name
AssetImportWorker0
-projectPath
C:/Users/537387/FMP-year-2-work/FMP Year 2
-logFile
Logs/AssetImportWorker0.log
-srvPort
61210
Successfully changed project path to: C:/Users/537387/FMP-year-2-work/FMP Year 2
C:/Users/537387/FMP-year-2-work/FMP Year 2
[UnityMemory] Configuration Parameters - Can be set up in boot.config
    "memorysetup-bucket-allocator-granularity=16"
    "memorysetup-bucket-allocator-bucket-count=8"
    "memorysetup-bucket-allocator-block-size=33554432"
    "memorysetup-bucket-allocator-block-count=8"
    "memorysetup-main-allocator-block-size=16777216"
    "memorysetup-thread-allocator-block-size=16777216"
    "memorysetup-gfx-main-allocator-block-size=16777216"
    "memorysetup-gfx-thread-allocator-block-size=16777216"
    "memorysetup-cache-allocator-block-size=4194304"
    "memorysetup-typetree-allocator-block-size=2097152"
    "memorysetup-profiler-bucket-allocator-granularity=16"
    "memorysetup-profiler-bucket-allocator-bucket-count=8"
    "memorysetup-profiler-bucket-allocator-block-size=33554432"
    "memorysetup-profiler-bucket-allocator-block-count=8"
    "memorysetup-profiler-allocator-block-size=16777216"
    "memorysetup-profiler-editor-allocator-block-size=1048576"
    "memorysetup-temp-allocator-size-main=16777216"
    "memorysetup-job-temp-allocator-block-size=2097152"
    "memorysetup-job-temp-allocator-block-size-background=1048576"
    "memorysetup-job-temp-allocator-reduction-small-platforms=262144"
    "memorysetup-allocator-temp-initial-block-size-main=262144"
    "memorysetup-allocator-temp-initial-block-size-worker=262144"
    "memorysetup-temp-allocator-size-background-worker=32768"
    "memorysetup-temp-allocator-size-job-worker=262144"
    "memorysetup-temp-allocator-size-preload-manager=33554432"
    "memorysetup-temp-allocator-size-nav-mesh-worker=65536"
    "memorysetup-temp-allocator-size-audio-worker=65536"
    "memorysetup-temp-allocator-size-cloud-worker=32768"
    "memorysetup-temp-allocator-size-gi-baking-worker=262144"
    "memorysetup-temp-allocator-size-gfx=262144"
Player connection [18320] Host "[IP] 172.27.172.158 [Port] 0 [Flags] 2 [Guid] 545885396 [EditorId] 545885396 [Version] 1048832 [Id] WindowsEditor(7,L-CB346-21266) [Debug] 1 [PackageName] WindowsEditor [ProjectName] Editor" joined multi-casting on [225.0.0.222:54997]...

Player connection [18320] Host "[IP] 172.27.172.158 [Port] 0 [Flags] 2 [Guid] 545885396 [EditorId] 545885396 [Version] 1048832 [Id] WindowsEditor(7,L-CB346-21266) [Debug] 1 [PackageName] WindowsEditor [ProjectName] Editor" joined alternative multi-casting on [225.0.0.222:34997]...

[Physics::Module] Initialized MultithreadedJobDispatcher with 11 workers.
Refreshing native plugins compatible for Editor in 1455.06 ms, found 4 plugins.
Preloading 0 native plugins for Editor in 0.00 ms.
Initialize engine version: 2022.3.20f1 (61c2feb0970d)
[Subsystems] Discovering subsystems at path C:/Program Files/Unity/Hub/Editor/2022.3.20f1/Editor/Data/Resources/UnitySubsystems
[Subsystems] Discovering subsystems at path C:/Users/537387/FMP-year-2-work/FMP Year 2/Assets
GfxDevice: creating device client; threaded=0; jobified=0
Direct3D:
    Version:  Direct3D 11.0 [level 11.1]
    Renderer: NVIDIA GeForce GTX 1650 (ID=0x2188)
    Vendor:   NVIDIA
    VRAM:     3949 MB
    Driver:   31.0.15.3623
Initialize mono
Mono path[0] = 'C:/Program Files/Unity/Hub/Editor/2022.3.20f1/Editor/Data/Managed'
Mono path[1] = 'C:/Program Files/Unity/Hub/Editor/2022.3.20f1/Editor/Data/MonoBleedingEdge/lib/mono/unityjit-win32'
Mono config path = 'C:/Program Files/Unity/Hub/Editor/2022.3.20f1/Editor/Data/MonoBleedingEdge/etc'
Using monoOptions --debugger-agent=transport=dt_socket,embedding=1,server=y,suspend=n,address=127.0.0.1:56068
Begin MonoManager ReloadAssembly
Registering precompiled unity dll's ...
Register platform support module: C:/Program Files/Unity/Hub/Editor/2022.3.20f1/Editor/Data/PlaybackEngines/WebGLSupport/UnityEditor.WebGL.Extensions.dll
Register platform support module: C:/Program Files/Unity/Hub/Editor/2022.3.20f1/Editor/Data/PlaybackEngines/MacStandaloneSupport/UnityEditor.OSXStandalone.Extensions.dll
Register platform support module: C:/Program Files/Unity/Hub/Editor/2022.3.20f1/Editor/Data/PlaybackEngines/AndroidPlayer/UnityEditor.Android.Extensions.dll
Register platform support module: C:/Program Files/Unity/Hub/Editor/2022.3.20f1/Editor/Data/PlaybackEngines/iOSSupport/UnityEditor.iOS.Extensions.dll
Register platform support module: C:/Program Files/Unity/Hub/Editor/2022.3.20f1/Editor/Data/PlaybackEngines/AppleTVSupport/UnityEditor.AppleTV.Extensions.dll
Register platform support module: C:/Program Files/Unity/Hub/Editor/2022.3.20f1/Editor/Data/PlaybackEngines/WindowsStandaloneSupport/UnityEditor.WindowsStandalone.Extensions.dll
Register platform support module: C:/Program Files/Unity/Hub/Editor/2022.3.20f1/Editor/Data/PlaybackEngines/LinuxStandaloneSupport/UnityEditor.LinuxStandalone.Extensions.dll
Register platform support module: C:/Program Files/Unity/Hub/Editor/2022.3.20f1/Editor/Data/PlaybackEngines/MetroSupport/UnityEditor.UWP.Extensions.dll
Registered in 0.609854 seconds.
- Loaded All Assemblies, in  6.814 seconds
Native extension for UWP target not found
Native extension for LinuxStandalone target not found
Native extension for WindowsStandalone target not found
[usbmuxd] Start listen thread
[usbmuxd] Listen thread started
[usbmuxd] Send listen message
Native extension for AppleTV target not found
[usbmuxd] Start listen thread
[usbmuxd] Listen thread started
[usbmuxd] Send listen message
Native extension for iOS target not found
Native extension for Android target not found
Android Extension - Scanning For ADB Devices 322 ms
Native extension for OSXStandalone target not found
Native extension for WebGL target not found
Mono: successfully reloaded assembly
- Finished resetting the current domain, in  1.313 seconds
Domain Reload Profiling: 8124ms
	BeginReloadAssembly (4501ms)
		ExecutionOrderSort (0ms)
		DisableScriptedObjects (0ms)
		BackupInstance (0ms)
		ReleaseScriptingObjects (0ms)
		CreateAndSetChildDomain (1ms)
	RebuildCommonClasses (393ms)
	RebuildNativeTypeToScriptingClass (11ms)
	initialDomainReloadingComplete (675ms)
	LoadAllAssembliesAndSetupDomain (1231ms)
		LoadAssemblies (4501ms)
		RebuildTransferFunctionScriptingTraits (0ms)
		AnalyzeDomain (1224ms)
			TypeCache.Refresh (1222ms)
				TypeCache.ScanAssembly (982ms)
			ScanForSourceGeneratedMonoScriptInfo (0ms)
			ResolveRequiredComponents (0ms)
	FinalizeReload (1314ms)
		ReleaseScriptCaches (0ms)
		RebuildScriptCaches (0ms)
		SetupLoadedEditorAssemblies (1260ms)
			LogAssemblyErrors (0ms)
			InitializePlatformSupportModulesInManaged (1087ms)
			SetLoadedEditorAssemblies (5ms)
			RefreshPlugins (0ms)
			BeforeProcessingInitializeOnLoad (2ms)
			ProcessInitializeOnLoadAttributes (116ms)
			ProcessInitializeOnLoadMethodAttributes (50ms)
			AfterProcessingInitializeOnLoad (0ms)
			EditorAssembliesLoaded (0ms)
		ExecutionOrderSort2 (0ms)
		AwakeInstancesAfterBackupRestoration (0ms)
========================================================================
Worker process is ready to serve import requests
Begin MonoManager ReloadAssembly
- Loaded All Assemblies, in  8.486 seconds
Refreshing native plugins compatible for Editor in 7.40 ms, found 4 plugins.
Native extension for UWP target not found
Native extension for LinuxStandalone target not found
Native extension for WindowsStandalone target not found
Native extension for AppleTV target not found
Native extension for iOS target not found
Native extension for Android target not found
Native extension for OSXStandalone target not found
Native extension for WebGL target not found
Package Manager log level set to [2]
[Package Manager] Server::EnsureServerProcessIsRunning -- launch failed, reason: Unity was launched with the -noUpm command-line argument
[Package Manager] UpmClient::Send -- Unable to send message (not connected to UPM process).
[Package Manager] Cannot connect to Unity Package Manager local server
Mono: successfully reloaded assembly
- Finished resetting the current domain, in  0.811 seconds
Domain Reload Profiling: 9290ms
	BeginReloadAssembly (165ms)
		ExecutionOrderSort (0ms)
		DisableScriptedObjects (5ms)
		BackupInstance (0ms)
		ReleaseScriptingObjects (0ms)
		CreateAndSetChildDomain (23ms)
	RebuildCommonClasses (33ms)
	RebuildNativeTypeToScriptingClass (11ms)
	initialDomainReloadingComplete (47ms)
	LoadAllAssembliesAndSetupDomain (8221ms)
		LoadAssemblies (7673ms)
		RebuildTransferFunctionScriptingTraits (0ms)
		AnalyzeDomain (647ms)
			TypeCache.Refresh (606ms)
				TypeCache.ScanAssembly (550ms)
			ScanForSourceGeneratedMonoScriptInfo (28ms)
			ResolveRequiredComponents (12ms)
	FinalizeReload (812ms)
		ReleaseScriptCaches (0ms)
		RebuildScriptCaches (0ms)
		SetupLoadedEditorAssemblies (622ms)
			LogAssemblyErrors (0ms)
			InitializePlatformSupportModulesInManaged (64ms)
			SetLoadedEditorAssemblies (4ms)
			RefreshPlugins (0ms)
			BeforeProcessingInitializeOnLoad (101ms)
			ProcessInitializeOnLoadAttributes (360ms)
			ProcessInitializeOnLoadMethodAttributes (80ms)
			AfterProcessingInitializeOnLoad (14ms)
			EditorAssembliesLoaded (0ms)
		ExecutionOrderSort2 (0ms)
		AwakeInstancesAfterBackupRestoration (5ms)
Launched and connected shader compiler UnityShaderCompiler.exe after 0.07 seconds
Refreshing native plugins compatible for Editor in 8.19 ms, found 4 plugins.
Preloading 0 native plugins for Editor in 0.00 ms.
Unloading 5995 Unused Serialized files (Serialized files now loaded: 0)
Unloading 110 unused Assets / (2.1 MB). Loaded Objects now: 6445.
Memory consumption went from 249.0 MB to 246.9 MB.
Total: 4.431000 ms (FindLiveObjects: 0.563500 ms CreateObjectMapping: 0.172100 ms MarkObjects: 3.068700 ms  DeleteObjects: 0.625700 ms)

AssetImportParameters requested are different than current active one (requested -> active):
  custom:container-demuxer-ogg: 62fdf1f143b41e24485cea50d1cbac27 -> 
  custom:video-decoder-ogg-theora: a1e56fd34408186e4bbccfd4996cb3dc -> 
  custom:framework-win-MediaFoundation: 216162199b28c13a410421893ffa2e32 -> 
  custom:CustomObjectIndexerAttribute: 0f5f72dab822025b0759b197a3119d15 -> 
  custom:container-demuxer-webm: 4f35f7cbe854078d1ac9338744f61a02 -> 
  custom:container-muxer-webm: aa71ff27fc2769a1b78a27578f13a17b -> 
  custom:video-decoder-webm-vp8: 9c59270c3fd7afecdb556c50c9e8de78 -> 
  custom:SearchIndexIgnoredProperties: e643bd26f0fe6173181afceb89e7c659 -> 
  custom:AudioImporter_EditorPlatform: d09bf68614088b80899f8185d706f6e7 -> 
  custom:video-encoder-webm-vp8: eb34c28f22e8b96e1ab97ce403110664 -> 
  custom:audio-decoder-ogg-vorbis: bf7c407c2cedff20999df2af8eb42d56 -> 
  custom:audio-encoder-webm-vorbis: bf7c407c2cedff20999df2af8eb42d56 -> 
========================================================================
Received Import Request.
  Time since last request: 608555.546476 seconds.
  path: Assets/Sprites/man.png
  artifactKey: Guid(8af6d7b1eee915f48b0b5180da52c8bf) Importer(815301076,1909f56bfc062723c751e8b465ee728b)
Start importing Assets/Sprites/man.png using Guid(8af6d7b1eee915f48b0b5180da52c8bf) Importer(815301076,1909f56bfc062723c751e8b465ee728b)  -> (artifact id: '2548ca970cbca59e4e2b04347649d6f8') in 0.100740 seconds
Number of updated asset objects reloaded before import = 0
Number of asset objects unloaded after import = 3
========================================================================
Received Import Request.
  Time since last request: 227.065585 seconds.
  path: Assets/Sprites/man.png
  artifactKey: Guid(8af6d7b1eee915f48b0b5180da52c8bf) Importer(815301076,1909f56bfc062723c751e8b465ee728b)
Start importing Assets/Sprites/man.png using Guid(8af6d7b1eee915f48b0b5180da52c8bf) Importer(815301076,1909f56bfc062723c751e8b465ee728b)  -> (artifact id: '7edab936fad289c9791e0e4b9052b00d') in 0.026860 seconds
Number of updated asset objects reloaded before import = 0
Number of asset objects unloaded after import = 3
========================================================================
Received Import Request.
  Time since last request: 240.150456 seconds.
  path: Assets/Sprites/man.png
  artifactKey: Guid(8af6d7b1eee915f48b0b5180da52c8bf) Importer(815301076,1909f56bfc062723c751e8b465ee728b)
Start importing Assets/Sprites/man.png using Guid(8af6d7b1eee915f48b0b5180da52c8bf) Importer(815301076,1909f56bfc062723c751e8b465ee728b)  -> (artifact id: '128568f791771dd4b6b208af27ac50a1') in 0.027842 seconds
Number of updated asset objects reloaded before import = 0
Number of asset objects unloaded after import = 3
========================================================================
Received Import Request.
  Time since last request: 1403.835465 seconds.
  path: Assets/Sprites/arm.png
  artifactKey: Guid(a40f44624486ca44d942eeb2af755e55) Importer(815301076,1909f56bfc062723c751e8b465ee728b)
Start importing Assets/Sprites/arm.png using Guid(a40f44624486ca44d942eeb2af755e55) Importer(815301076,1909f56bfc062723c751e8b465ee728b)  -> (artifact id: 'bf5cd4661ddd33a775a728dc22bacbf9') in 0.031747 seconds
Number of updated asset objects reloaded before import = 0
Number of asset objects unloaded after import = 3
========================================================================
Received Import Request.
  Time since last request: 118.735268 seconds.
  path: Assets/Sprites/potatoman.png
  artifactKey: Guid(0aca70a5872e77a42a2cf27f10b3f491) Importer(815301076,1909f56bfc062723c751e8b465ee728b)
Start importing Assets/Sprites/potatoman.png using Guid(0aca70a5872e77a42a2cf27f10b3f491) Importer(815301076,1909f56bfc062723c751e8b465ee728b)  -> (artifact id: '7614d1b865b5136bd769b9f1e25fbde9') in 0.036842 seconds
Number of updated asset objects reloaded before import = 0
Number of asset objects unloaded after import = 3
========================================================================
Received Import Request.
  Time since last request: 21.403602 seconds.
  path: Assets/Sprites/potatoman.png
  artifactKey: Guid(0aca70a5872e77a42a2cf27f10b3f491) Importer(815301076,1909f56bfc062723c751e8b465ee728b)
Start importing Assets/Sprites/potatoman.png using Guid(0aca70a5872e77a42a2cf27f10b3f491) Importer(815301076,1909f56bfc062723c751e8b465ee728b)  -> (artifact id: 'e652f11d6c893681f17c47c6aa93f8a0') in 0.056716 seconds
Number of updated asset objects reloaded before import = 0
Number of asset objects unloaded after import = 3
========================================================================
Received Import Request.
  Time since last request: 119.903073 seconds.
  path: Assets/Sprites/potatoman.png
  artifactKey: Guid(0aca70a5872e77a42a2cf27f10b3f491) Importer(815301076,1909f56bfc062723c751e8b465ee728b)
Start importing Assets/Sprites/potatoman.png using Guid(0aca70a5872e77a42a2cf27f10b3f491) Importer(815301076,1909f56bfc062723c751e8b465ee728b)  -> (artifact id: 'fa8356a10aec5977ad59c73031c430c4') in 0.026872 seconds
Number of updated asset objects reloaded before import = 0
Number of asset objects unloaded after import = 3
========================================================================
Received Import Request.
  Time since last request: 59.986758 seconds.
  path: Assets/Sprites/potatoman.png
  artifactKey: Guid(0aca70a5872e77a42a2cf27f10b3f491) Importer(815301076,1909f56bfc062723c751e8b465ee728b)
Start importing Assets/Sprites/potatoman.png using Guid(0aca70a5872e77a42a2cf27f10b3f491) Importer(815301076,1909f56bfc062723c751e8b465ee728b)  -> (artifact id: '80b8769ef3fd8b2790cb5f2c452bbc9c') in 0.024528 seconds
Number of updated asset objects reloaded before import = 0
Number of asset objects unloaded after import = 3
========================================================================
Received Import Request.
  Time since last request: 34.421276 seconds.
  path: Assets/Sprites/potatoman.png
  artifactKey: Guid(0aca70a5872e77a42a2cf27f10b3f491) Importer(815301076,1909f56bfc062723c751e8b465ee728b)
Start importing Assets/Sprites/potatoman.png using Guid(0aca70a5872e77a42a2cf27f10b3f491) Importer(815301076,1909f56bfc062723c751e8b465ee728b)  -> (artifact id: 'f73ae5c47b1536dd913e75617f993da4') in 0.034500 seconds
Number of updated asset objects reloaded before import = 0
Number of asset objects unloaded after import = 3
[usbmuxd] Attached: 8 00008110-000A24E81446401E
[usbmuxd] Attached: 8 00008110-000A24E81446401E
========================================================================
Received Import Request.
  Time since last request: 1131.113649 seconds.
  path: Assets/Sprites/potatoman.png
  artifactKey: Guid(0aca70a5872e77a42a2cf27f10b3f491) Importer(815301076,1909f56bfc062723c751e8b465ee728b)
Start importing Assets/Sprites/potatoman.png using Guid(0aca70a5872e77a42a2cf27f10b3f491) Importer(815301076,1909f56bfc062723c751e8b465ee728b)  -> (artifact id: 'c5c3ffa7fbe7940c33e4e6bd5e2ef692') in 0.038682 seconds
Number of updated asset objects reloaded before import = 0
Number of asset objects unloaded after import = 3
========================================================================
Received Import Request.
  Time since last request: 529.625474 seconds.
  path: Assets/Sprites/potatoman.png
  artifactKey: Guid(0aca70a5872e77a42a2cf27f10b3f491) Importer(815301076,1909f56bfc062723c751e8b465ee728b)
Start importing Assets/Sprites/potatoman.png using Guid(0aca70a5872e77a42a2cf27f10b3f491) Importer(815301076,1909f56bfc062723c751e8b465ee728b)  -> (artifact id: 'e7ad9fda6afc2536aacbd82f32f2850a') in 0.030686 seconds
Number of updated asset objects reloaded before import = 0
Number of asset objects unloaded after import = 3
[usbmuxd] Detached: 8 00008110-000A24E81446401E
[usbmuxd] Detached: 8 00008110-000A24E81446401E
========================================================================
Received Import Request.
  Time since last request: 411.844555 seconds.
  path: Assets/Sprites/potatoman.png
  artifactKey: Guid(0aca70a5872e77a42a2cf27f10b3f491) Importer(815301076,1909f56bfc062723c751e8b465ee728b)
Start importing Assets/Sprites/potatoman.png using Guid(0aca70a5872e77a42a2cf27f10b3f491) Importer(815301076,1909f56bfc062723c751e8b465ee728b)  -> (artifact id: '6b67be82bd174820b1dd721140fe3114') in 0.029979 seconds
Number of updated asset objects reloaded before import = 0
Number of asset objects unloaded after import = 3
========================================================================
Received Import Request.
  Time since last request: 65.672533 seconds.
  path: Assets/Sprites/potatoman.png
  artifactKey: Guid(0aca70a5872e77a42a2cf27f10b3f491) Importer(815301076,1909f56bfc062723c751e8b465ee728b)
Start importing Assets/Sprites/potatoman.png using Guid(0aca70a5872e77a42a2cf27f10b3f491) Importer(815301076,1909f56bfc062723c751e8b465ee728b)  -> (artifact id: '73d3fa8df7bc82ec53f4f2d3aee046f5') in 0.021191 seconds
Number of updated asset objects reloaded before import = 0
Number of asset objects unloaded after import = 3
[usbmuxd] Attached: 9 00008110-000A24E81446401E
[usbmuxd] Attached: 9 00008110-000A24E81446401E
========================================================================
Received Import Request.
  Time since last request: 787.234648 seconds.
  path: Assets/Sprites/potatoman.png
  artifactKey: Guid(0aca70a5872e77a42a2cf27f10b3f491) Importer(815301076,1909f56bfc062723c751e8b465ee728b)
Start importing Assets/Sprites/potatoman.png using Guid(0aca70a5872e77a42a2cf27f10b3f491) Importer(815301076,1909f56bfc062723c751e8b465ee728b)  -> (artifact id: '0731d0aebb025956e41dd0b81ef14f84') in 0.042945 seconds
Number of updated asset objects reloaded before import = 0
Number of asset objects unloaded after import = 3
========================================================================
Received Import Request.
  Time since last request: 11.261779 seconds.
  path: Assets/Sprites/potatoman.png
  artifactKey: Guid(0aca70a5872e77a42a2cf27f10b3f491) Importer(815301076,1909f56bfc062723c751e8b465ee728b)
Start importing Assets/Sprites/potatoman.png using Guid(0aca70a5872e77a42a2cf27f10b3f491) Importer(815301076,1909f56bfc062723c751e8b465ee728b)  -> (artifact id: '94b89b47430507b37cc0252caf675dbe') in 0.028240 seconds
Number of updated asset objects reloaded before import = 0
Number of asset objects unloaded after import = 2
========================================================================
Received Import Request.
  Time since last request: 75.817326 seconds.
  path: Assets/Sprites/potatoman.prefab
  artifactKey: Guid(87f9df2111a316448b4bf36235075d33) Importer(815301076,1909f56bfc062723c751e8b465ee728b)
Start importing Assets/Sprites/potatoman.prefab using Guid(87f9df2111a316448b4bf36235075d33) Importer(815301076,1909f56bfc062723c751e8b465ee728b)  -> (artifact id: 'b44498d48f9475f9fa023f48fb677424') in 0.335414 seconds
Number of updated asset objects reloaded before import = 0
Number of asset objects unloaded after import = 9
========================================================================
Received Import Request.
  Time since last request: 1361.693862 seconds.
  path: Assets/Sprites/potatoman.png
  artifactKey: Guid(0aca70a5872e77a42a2cf27f10b3f491) Importer(815301076,1909f56bfc062723c751e8b465ee728b)
Start importing Assets/Sprites/potatoman.png using Guid(0aca70a5872e77a42a2cf27f10b3f491) Importer(815301076,1909f56bfc062723c751e8b465ee728b)  -> (artifact id: '3446687ba703edbb45e0d072cd15443a') in 0.036703 seconds
Number of updated asset objects reloaded before import = 0
Number of asset objects unloaded after import = 3
========================================================================
Received Import Request.
  Time since last request: 72.383471 seconds.
  path: Assets/Sprites/potatoman.png
  artifactKey: Guid(0aca70a5872e77a42a2cf27f10b3f491) Importer(815301076,1909f56bfc062723c751e8b465ee728b)
Start importing Assets/Sprites/potatoman.png using Guid(0aca70a5872e77a42a2cf27f10b3f491) Importer(815301076,1909f56bfc062723c751e8b465ee728b)  -> (artifact id: '6a23e0d66e843bca4c26e061d2918beb') in 0.027483 seconds
Number of updated asset objects reloaded before import = 0
Number of asset objects unloaded after import = 3
========================================================================
Received Import Request.
  Time since last request: 137.630007 seconds.
  path: Assets/Sprites/potatoman.png
  artifactKey: Guid(0aca70a5872e77a42a2cf27f10b3f491) Importer(815301076,1909f56bfc062723c751e8b465ee728b)
Start importing Assets/Sprites/potatoman.png using Guid(0aca70a5872e77a42a2cf27f10b3f491) Importer(815301076,1909f56bfc062723c751e8b465ee728b)  -> (artifact id: '6bf612ff6b5e3e8b7687805a6d832109') in 0.033487 seconds
Number of updated asset objects reloaded before import = 0
Number of asset objects unloaded after import = 3
========================================================================
Received Import Request.
  Time since last request: 144.608637 seconds.
  path: Assets/Sprites/potatoman.png
  artifactKey: Guid(0aca70a5872e77a42a2cf27f10b3f491) Importer(815301076,1909f56bfc062723c751e8b465ee728b)
Start importing Assets/Sprites/potatoman.png using Guid(0aca70a5872e77a42a2cf27f10b3f491) Importer(815301076,1909f56bfc062723c751e8b465ee728b)  -> (artifact id: '4a75d3995e1f75109318ebd9bf4609eb') in 0.019414 seconds
Number of updated asset objects reloaded before import = 0
Number of asset objects unloaded after import = 3
========================================================================
Received Import Request.
  Time since last request: 73.009196 seconds.
  path: Assets/Sprites/potatoman.png
  artifactKey: Guid(0aca70a5872e77a42a2cf27f10b3f491) Importer(815301076,1909f56bfc062723c751e8b465ee728b)
Start importing Assets/Sprites/potatoman.png using Guid(0aca70a5872e77a42a2cf27f10b3f491) Importer(815301076,1909f56bfc062723c751e8b465ee728b)  -> (artifact id: '1d627020f8b833eaf2e459c2af6dd9f8') in 0.066993 seconds
Number of updated asset objects reloaded before import = 0
Number of asset objects unloaded after import = 3
========================================================================
Received Prepare
Begin MonoManager ReloadAssembly
- Loaded All Assemblies, in 11.384 seconds
Refreshing native plugins compatible for Editor in 9.61 ms, found 4 plugins.
Native extension for UWP target not found
Native extension for LinuxStandalone target not found
Native extension for WindowsStandalone target not found
Native extension for AppleTV target not found
Native extension for iOS target not found
Native extension for Android target not found
Native extension for OSXStandalone target not found
Native extension for WebGL target not found
[Package Manager] Server::EnsureServerProcessIsRunning -- launch failed, reason: Unity was launched with the -noUpm command-line argument
[Package Manager] UpmClient::Send -- Unable to send message (not connected to UPM process).
[Package Manager] Cannot connect to Unity Package Manager local server
Mono: successfully reloaded assembly
- Finished resetting the current domain, in 21.661 seconds
Domain Reload Profiling: 33035ms
	BeginReloadAssembly (840ms)
		ExecutionOrderSort (0ms)
		DisableScriptedObjects (140ms)
		BackupInstance (0ms)
		ReleaseScriptingObjects (1ms)
		CreateAndSetChildDomain (388ms)
	RebuildCommonClasses (154ms)
	RebuildNativeTypeToScriptingClass (16ms)
	initialDomainReloadingComplete (54ms)
	LoadAllAssembliesAndSetupDomain (10310ms)
		LoadAssemblies (10458ms)
		RebuildTransferFunctionScriptingTraits (0ms)
		AnalyzeDomain (49ms)
			TypeCache.Refresh (26ms)
				TypeCache.ScanAssembly (0ms)
			ScanForSourceGeneratedMonoScriptInfo (4ms)
			ResolveRequiredComponents (18ms)
	FinalizeReload (21662ms)
		ReleaseScriptCaches (0ms)
		RebuildScriptCaches (0ms)
		SetupLoadedEditorAssemblies (603ms)
			LogAssemblyErrors (0ms)
			InitializePlatformSupportModulesInManaged (74ms)
			SetLoadedEditorAssemblies (5ms)
			RefreshPlugins (0ms)
			BeforeProcessingInitializeOnLoad (106ms)
			ProcessInitializeOnLoadAttributes (323ms)
			ProcessInitializeOnLoadMethodAttributes (77ms)
			AfterProcessingInitializeOnLoad (17ms)
			EditorAssembliesLoaded (1ms)
		ExecutionOrderSort2 (0ms)
		AwakeInstancesAfterBackupRestoration (16ms)
Refreshing native plugins compatible for Editor in 12.77 ms, found 4 plugins.
Preloading 0 native plugins for Editor in 0.00 ms.
Unloading 5800 Unused Serialized files (Serialized files now loaded: 0)
Unloading 61 unused Assets / (2.1 MB). Loaded Objects now: 6515.
Memory consumption went from 214.5 MB to 212.4 MB.
Total: 6.730900 ms (FindLiveObjects: 0.589700 ms CreateObjectMapping: 0.161400 ms MarkObjects: 5.421900 ms  DeleteObjects: 0.556700 ms)

Prepare: number of updated asset objects reloaded= 0
AssetImportParameters requested are different than current active one (requested -> active):
  custom:container-demuxer-ogg: 62fdf1f143b41e24485cea50d1cbac27 -> 
  custom:video-decoder-ogg-theora: a1e56fd34408186e4bbccfd4996cb3dc -> 
  custom:framework-win-MediaFoundation: 216162199b28c13a410421893ffa2e32 -> 
  custom:CustomObjectIndexerAttribute: 0f5f72dab822025b0759b197a3119d15 -> 
  custom:container-demuxer-webm: 4f35f7cbe854078d1ac9338744f61a02 -> 
  custom:container-muxer-webm: aa71ff27fc2769a1b78a27578f13a17b -> 
  custom:video-decoder-webm-vp8: 9c59270c3fd7afecdb556c50c9e8de78 -> 
  custom:SearchIndexIgnoredProperties: e643bd26f0fe6173181afceb89e7c659 -> 
  custom:AudioImporter_EditorPlatform: d09bf68614088b80899f8185d706f6e7 -> 
  custom:video-encoder-webm-vp8: eb34c28f22e8b96e1ab97ce403110664 -> 
  custom:audio-decoder-ogg-vorbis: bf7c407c2cedff20999df2af8eb42d56 -> 
  custom:audio-encoder-webm-vorbis: bf7c407c2cedff20999df2af8eb42d56 -> 
